[INFO] Scanning for projects...
[INFO] 
[INFO] -------------------< com.mychefai:mychefai-backend >--------------------
[INFO] Building MyChefAI 0.0.1-SNAPSHOT
[INFO]   from pom.xml
[INFO] --------------------------------[ jar ]---------------------------------
[INFO] 
[INFO] >>> spring-boot:3.2.1:run (default-cli) > test-compile @ mychefai-backend >>>
[INFO] 
[INFO] --- resources:3.3.1:resources (default-resources) @ mychefai-backend ---
[INFO] Copying 2 resources from src/main/resources to target/classes
[INFO] Copying 0 resource from src/main/resources to target/classes
[INFO] 
[INFO] --- compiler:3.11.0:compile (default-compile) @ mychefai-backend ---
[INFO] Nothing to compile - all classes are up to date
[INFO] 
[INFO] --- resources:3.3.1:testResources (default-testResources) @ mychefai-backend ---
[INFO] skip non existing resourceDirectory /Users/iseungmin/Downloads/project/mychefai/backend/src/test/resources
[INFO] 
[INFO] --- compiler:3.11.0:testCompile (default-testCompile) @ mychefai-backend ---
[INFO] No sources to compile
[INFO] 
[INFO] <<< spring-boot:3.2.1:run (default-cli) < test-compile @ mychefai-backend <<<
[INFO] 
[INFO] 
[INFO] --- spring-boot:3.2.1:run (default-cli) @ mychefai-backend ---
[INFO] Attaching agents: []

  .   ____          _            __ _ _
 /\\ / ___'_ __ _ _(_)_ __  __ _ \ \ \ \
( ( )\___ | '_ | '_| | '_ \/ _` | \ \ \ \
 \\/  ___)| |_)| | | | | || (_| |  ) ) ) )
  '  |____| .__|_| |_|_| |_\__, | / / / /
 =========|_|==============|___/=/_/_/_/
 :: Spring Boot ::                (v3.2.1)

2026-02-03T01:32:18.708+09:00  INFO 46101 --- [healthytable] [           main] c.m.h.HealthyTableApplication            : Starting HealthyTableApplication using Java 17.0.14 with PID 46101 (/Users/iseungmin/Downloads/project/mychefai/backend/target/classes started by iseungmin in /Users/iseungmin/Downloads/project/mychefai/backend)
2026-02-03T01:32:18.709+09:00  INFO 46101 --- [healthytable] [           main] c.m.h.HealthyTableApplication            : No active profile set, falling back to 1 default profile: "default"
2026-02-03T01:32:18.946+09:00  INFO 46101 --- [healthytable] [           main] .s.d.r.c.RepositoryConfigurationDelegate : Bootstrapping Spring Data JPA repositories in DEFAULT mode.
2026-02-03T01:32:19.007+09:00  INFO 46101 --- [healthytable] [           main] .s.d.r.c.RepositoryConfigurationDelegate : Finished Spring Data repository scanning in 57 ms. Found 5 JPA repository interfaces.
2026-02-03T01:32:19.204+09:00  INFO 46101 --- [healthytable] [           main] o.s.b.w.embedded.tomcat.TomcatWebServer  : Tomcat initialized with port 8080 (http)
2026-02-03T01:32:19.208+09:00  INFO 46101 --- [healthytable] [           main] o.apache.catalina.core.StandardService   : Starting service [Tomcat]
2026-02-03T01:32:19.208+09:00  INFO 46101 --- [healthytable] [           main] o.apache.catalina.core.StandardEngine    : Starting Servlet engine: [Apache Tomcat/10.1.17]
2026-02-03T01:32:19.229+09:00  INFO 46101 --- [healthytable] [           main] o.a.c.c.C.[Tomcat].[localhost].[/]       : Initializing Spring embedded WebApplicationContext
2026-02-03T01:32:19.230+09:00  INFO 46101 --- [healthytable] [           main] w.s.c.ServletWebServerApplicationContext : Root WebApplicationContext: initialization completed in 502 ms
2026-02-03T01:32:19.297+09:00  INFO 46101 --- [healthytable] [           main] o.hibernate.jpa.internal.util.LogHelper  : HHH000204: Processing PersistenceUnitInfo [name: default]
2026-02-03T01:32:19.318+09:00  INFO 46101 --- [healthytable] [           main] org.hibernate.Version                    : HHH000412: Hibernate ORM core version 6.4.1.Final
2026-02-03T01:32:19.328+09:00  INFO 46101 --- [healthytable] [           main] o.h.c.internal.RegionFactoryInitiator    : HHH000026: Second-level cache disabled
2026-02-03T01:32:19.406+09:00  INFO 46101 --- [healthytable] [           main] o.s.o.j.p.SpringPersistenceUnitInfo      : No LoadTimeWeaver setup: ignoring JPA class transformer
2026-02-03T01:32:19.415+09:00  INFO 46101 --- [healthytable] [           main] com.zaxxer.hikari.HikariDataSource       : HikariPool-1 - Starting...
2026-02-03T01:32:19.478+09:00  INFO 46101 --- [healthytable] [           main] com.zaxxer.hikari.pool.HikariPool        : HikariPool-1 - Added connection com.mysql.cj.jdbc.ConnectionImpl@5a899811
2026-02-03T01:32:19.479+09:00  INFO 46101 --- [healthytable] [           main] com.zaxxer.hikari.HikariDataSource       : HikariPool-1 - Start completed.
2026-02-03T01:32:19.497+09:00  WARN 46101 --- [healthytable] [           main] org.hibernate.orm.deprecation            : HHH90000025: MySQL8Dialect does not need to be specified explicitly using 'hibernate.dialect' (remove the property setting and it will be selected by default)
2026-02-03T01:32:19.498+09:00  WARN 46101 --- [healthytable] [           main] org.hibernate.orm.deprecation            : HHH90000026: MySQL8Dialect has been deprecated; use org.hibernate.dialect.MySQLDialect instead
2026-02-03T01:32:19.808+09:00  INFO 46101 --- [healthytable] [           main] o.h.e.t.j.p.i.JtaPlatformInitiator       : HHH000489: No JTA platform available (set 'hibernate.transaction.jta.platform' to enable JTA platform integration)
2026-02-03T01:32:19.809+09:00  INFO 46101 --- [healthytable] [           main] j.LocalContainerEntityManagerFactoryBean : Initialized JPA EntityManagerFactory for persistence unit 'default'
2026-02-03T01:32:19.991+09:00 ERROR 46101 --- [healthytable] [           main] i.n.r.d.DnsServerAddressStreamProviders  : Unable to load io.netty.resolver.dns.macos.MacOSDnsServerAddressStreamProvider, fallback to system defaults. This may result in incorrect DNS resolutions on MacOS. Check whether you have a dependency on 'io.netty:netty-resolver-dns-native-macos'. Use DEBUG level to see the full stack: java.lang.UnsatisfiedLinkError: failed to load the required native library
2026-02-03T01:32:20.102+09:00  WARN 46101 --- [healthytable] [           main] JpaBaseConfiguration$JpaWebConfiguration : spring.jpa.open-in-view is enabled by default. Therefore, database queries may be performed during view rendering. Explicitly configure spring.jpa.open-in-view to disable this warning
2026-02-03T01:32:20.108+09:00  WARN 46101 --- [healthytable] [           main] .s.s.UserDetailsServiceAutoConfiguration : 

Using generated security password: 6ddb0422-0422-4b85-bf08-df261b886c30

This generated password is for development use only. Your security configuration must be updated before running your application in production.

2026-02-03T01:32:20.195+09:00  INFO 46101 --- [healthytable] [           main] o.s.s.web.DefaultSecurityFilterChain     : Will secure any request with [org.springframework.security.web.session.DisableEncodeUrlFilter@75ff2b6d, org.springframework.security.web.context.request.async.WebAsyncManagerIntegrationFilter@20a7ce0, org.springframework.security.web.context.SecurityContextHolderFilter@65852d05, org.springframework.security.web.header.HeaderWriterFilter@74cad577, org.springframework.web.filter.CorsFilter@4ee80a94, org.springframework.security.web.authentication.logout.LogoutFilter@7bbc11ed, com.mychefai.healthytable.security.JwtAuthenticationFilter@1b9d9a2b, org.springframework.security.web.savedrequest.RequestCacheAwareFilter@43fdef43, org.springframework.security.web.servletapi.SecurityContextHolderAwareRequestFilter@3f36c191, org.springframework.security.web.authentication.AnonymousAuthenticationFilter@7afac89a, org.springframework.security.web.access.ExceptionTranslationFilter@47596e9, org.springframework.security.web.access.intercept.AuthorizationFilter@1b1d93e9]
2026-02-03T01:32:20.267+09:00  INFO 46101 --- [healthytable] [           main] o.s.b.w.embedded.tomcat.TomcatWebServer  : Tomcat started on port 8080 (http) with context path ''
2026-02-03T01:32:20.272+09:00  INFO 46101 --- [healthytable] [           main] c.m.h.HealthyTableApplication            : Started HealthyTableApplication in 1.69 seconds (process running for 1.815)
실행 성공!!!
2026-02-03T01:35:51.641+09:00  INFO 46101 --- [healthytable] [nio-8080-exec-1] o.a.c.c.C.[Tomcat].[localhost].[/]       : Initializing Spring DispatcherServlet 'dispatcherServlet'
2026-02-03T01:35:51.642+09:00  INFO 46101 --- [healthytable] [nio-8080-exec-1] o.s.web.servlet.DispatcherServlet        : Initializing Servlet 'dispatcherServlet'
2026-02-03T01:35:51.644+09:00  INFO 46101 --- [healthytable] [nio-8080-exec-1] o.s.web.servlet.DispatcherServlet        : Completed initialization in 1 ms
Processing Request: POST /api/auth/google
Extracted JWT: Null
No Token Found in Request
Hibernate: 
    select
        u1_0.id,
        u1_0.created_at,
        u1_0.email,
        u1_0.name,
        u1_0.password 
    from
        users u1_0 
    where
        u1_0.email=?
Processing Request: GET /api/fridge
Extracted JWT: Present (eyJhbGciOi...)
Token Validity: true
User ID from Token: 5
Security Context Set Successfully
Hibernate: 
    select
        fi1_0.id,
        fi1_0.category,
        fi1_0.expiry_date,
        fi1_0.name,
        fi1_0.quantity,
        fi1_0.user_id 
    from
        fridge_items fi1_0 
    where
        fi1_0.user_id=? 
    order by
        fi1_0.expiry_date
Processing Request: GET /api/community/feed
Extracted JWT: Present (eyJhbGciOi...)
Token Validity: true
User ID from Token: 5
Security Context Set Successfully
Hibernate: 
    select
        rs1_0.id,
        rs1_0.created_at,
        rs1_0.recipe_id,
        rs1_0.share_message,
        rs1_0.user_id,
        rs1_0.visibility 
    from
        recipe_shares rs1_0 
    where
        rs1_0.visibility=? 
    order by
        rs1_0.created_at desc
Hibernate: 
    select
        r1_0.id,
        r1_0.average_rating,
        r1_0.calories,
        r1_0.cooking_time,
        r1_0.created_at,
        r1_0.description,
        r1_0.difficulty,
        r1_0.image_url,
        r1_0.ingredients,
        r1_0.steps,
        r1_0.title 
    from
        recipes r1_0 
    where
        r1_0.id in (?, ?, ?, ?)
Hibernate: 
    select
        u1_0.id,
        u1_0.created_at,
        u1_0.email,
        u1_0.name,
        u1_0.password 
    from
        users u1_0 
    where
        u1_0.id in (?, ?, ?, ?)
Processing Request: POST /api/auth/google
Extracted JWT: Null
No Token Found in Request
Hibernate: 
    select
        u1_0.id,
        u1_0.created_at,
        u1_0.email,
        u1_0.name,
        u1_0.password 
    from
        users u1_0 
    where
        u1_0.email=?
Processing Request: GET /api/fridge
Extracted JWT: Present (eyJhbGciOi...)
Token Validity: true
User ID from Token: 5
Security Context Set Successfully
Hibernate: 
    select
        fi1_0.id,
        fi1_0.category,
        fi1_0.expiry_date,
        fi1_0.name,
        fi1_0.quantity,
        fi1_0.user_id 
    from
        fridge_items fi1_0 
    where
        fi1_0.user_id=? 
    order by
        fi1_0.expiry_date
Processing Request: POST /api/auth/google
Extracted JWT: Null
No Token Found in Request
Hibernate: 
    select
        u1_0.id,
        u1_0.created_at,
        u1_0.email,
        u1_0.name,
        u1_0.password 
    from
        users u1_0 
    where
        u1_0.email=?
Processing Request: GET /api/fridge
Extracted JWT: Present (eyJhbGciOi...)
Token Validity: true
User ID from Token: 5
Security Context Set Successfully
Hibernate: 
    select
        fi1_0.id,
        fi1_0.category,
        fi1_0.expiry_date,
        fi1_0.name,
        fi1_0.quantity,
        fi1_0.user_id 
    from
        fridge_items fi1_0 
    where
        fi1_0.user_id=? 
    order by
        fi1_0.expiry_date
Processing Request: POST /api/auth/google
Extracted JWT: Null
No Token Found in Request
Hibernate: 
    select
        u1_0.id,
        u1_0.created_at,
        u1_0.email,
        u1_0.name,
        u1_0.password 
    from
        users u1_0 
    where
        u1_0.email=?
Processing Request: GET /api/community/feed
Extracted JWT: Present (eyJhbGciOi...)
Token Validity: true
User ID from Token: 5
Security Context Set Successfully
Hibernate: 
    select
        rs1_0.id,
        rs1_0.created_at,
        rs1_0.recipe_id,
        rs1_0.share_message,
        rs1_0.user_id,
        rs1_0.visibility 
    from
        recipe_shares rs1_0 
    where
        rs1_0.visibility=? 
    order by
        rs1_0.created_at desc
Hibernate: 
    select
        r1_0.id,
        r1_0.average_rating,
        r1_0.calories,
        r1_0.cooking_time,
        r1_0.created_at,
        r1_0.description,
        r1_0.difficulty,
        r1_0.image_url,
        r1_0.ingredients,
        r1_0.steps,
        r1_0.title 
    from
        recipes r1_0 
    where
        r1_0.id in (?, ?, ?, ?)
Hibernate: 
    select
        u1_0.id,
        u1_0.created_at,
        u1_0.email,
        u1_0.name,
        u1_0.password 
    from
        users u1_0 
    where
        u1_0.id in (?, ?, ?, ?)
Processing Request: POST /api/auth/google
Extracted JWT: Null
No Token Found in Request
Hibernate: 
    select
        u1_0.id,
        u1_0.created_at,
        u1_0.email,
        u1_0.name,
        u1_0.password 
    from
        users u1_0 
    where
        u1_0.email=?
Processing Request: GET /api/fridge
Extracted JWT: Present (eyJhbGciOi...)
Token Validity: true
User ID from Token: 5
Security Context Set Successfully
Hibernate: 
    select
        fi1_0.id,
        fi1_0.category,
        fi1_0.expiry_date,
        fi1_0.name,
        fi1_0.quantity,
        fi1_0.user_id 
    from
        fridge_items fi1_0 
    where
        fi1_0.user_id=? 
    order by
        fi1_0.expiry_date
Processing Request: POST /api/auth/kakao
Extracted JWT: Null
No Token Found in Request
Starting Kakao Login verification...
Kakao User Info: {id=4487113661, connected_at=2025-10-10T08:20:09Z}
Kakao Login Error: kakao_account is null
java.lang.RuntimeException: kakao_account is null
	at com.mychefai.healthytable.controller.AuthController.loginKakao(AuthController.java:65)
	at java.base/jdk.internal.reflect.NativeMethodAccessorImpl.invoke0(Native Method)
	at java.base/jdk.internal.reflect.NativeMethodAccessorImpl.invoke(NativeMethodAccessorImpl.java:77)
	at java.base/jdk.internal.reflect.DelegatingMethodAccessorImpl.invoke(DelegatingMethodAccessorImpl.java:43)
	at java.base/java.lang.reflect.Method.invoke(Method.java:569)
	at org.springframework.web.method.support.InvocableHandlerMethod.doInvoke(InvocableHandlerMethod.java:262)
	at org.springframework.web.method.support.InvocableHandlerMethod.invokeForRequest(InvocableHandlerMethod.java:190)
	at org.springframework.web.servlet.mvc.method.annotation.ServletInvocableHandlerMethod.invokeAndHandle(ServletInvocableHandlerMethod.java:118)
	at org.springframework.web.servlet.mvc.method.annotation.RequestMappingHandlerAdapter.invokeHandlerMethod(RequestMappingHandlerAdapter.java:917)
	at org.springframework.web.servlet.mvc.method.annotation.RequestMappingHandlerAdapter.handleInternal(RequestMappingHandlerAdapter.java:829)
	at org.springframework.web.servlet.mvc.method.AbstractHandlerMethodAdapter.handle(AbstractHandlerMethodAdapter.java:87)
	at org.springframework.web.servlet.DispatcherServlet.doDispatch(DispatcherServlet.java:1089)
	at org.springframework.web.servlet.DispatcherServlet.doService(DispatcherServlet.java:979)
	at org.springframework.web.servlet.FrameworkServlet.processRequest(FrameworkServlet.java:1014)
	at org.springframework.web.servlet.FrameworkServlet.doPost(FrameworkServlet.java:914)
	at jakarta.servlet.http.HttpServlet.service(HttpServlet.java:590)
	at org.springframework.web.servlet.FrameworkServlet.service(FrameworkServlet.java:885)
	at jakarta.servlet.http.HttpServlet.service(HttpServlet.java:658)
	at org.apache.catalina.core.ApplicationFilterChain.internalDoFilter(ApplicationFilterChain.java:205)
	at org.apache.catalina.core.ApplicationFilterChain.doFilter(ApplicationFilterChain.java:149)
	at org.apache.tomcat.websocket.server.WsFilter.doFilter(WsFilter.java:51)
	at org.apache.catalina.core.ApplicationFilterChain.internalDoFilter(ApplicationFilterChain.java:174)
	at org.apache.catalina.core.ApplicationFilterChain.doFilter(ApplicationFilterChain.java:149)
	at org.springframework.web.filter.OncePerRequestFilter.doFilter(OncePerRequestFilter.java:110)
	at org.apache.catalina.core.ApplicationFilterChain.internalDoFilter(ApplicationFilterChain.java:174)
	at org.apache.catalina.core.ApplicationFilterChain.doFilter(ApplicationFilterChain.java:149)
	at org.springframework.web.filter.CompositeFilter$VirtualFilterChain.doFilter(CompositeFilter.java:108)
	at org.springframework.security.web.FilterChainProxy.lambda$doFilterInternal$3(FilterChainProxy.java:231)
	at org.springframework.security.web.FilterChainProxy$VirtualFilterChain.doFilter(FilterChainProxy.java:365)
	at org.springframework.security.web.access.intercept.AuthorizationFilter.doFilter(AuthorizationFilter.java:100)
	at org.springframework.security.web.FilterChainProxy$VirtualFilterChain.doFilter(FilterChainProxy.java:374)
	at org.springframework.security.web.access.ExceptionTranslationFilter.doFilter(ExceptionTranslationFilter.java:126)
	at org.springframework.security.web.access.ExceptionTranslationFilter.doFilter(ExceptionTranslationFilter.java:120)
	at org.springframework.security.web.FilterChainProxy$VirtualFilterChain.doFilter(FilterChainProxy.java:374)
	at org.springframework.security.web.authentication.AnonymousAuthenticationFilter.doFilter(AnonymousAuthenticationFilter.java:100)
	at org.springframework.security.web.FilterChainProxy$VirtualFilterChain.doFilter(FilterChainProxy.java:374)
	at org.springframework.security.web.servletapi.SecurityContextHolderAwareRequestFilter.doFilter(SecurityContextHolderAwareRequestFilter.java:179)
	at org.springframework.security.web.FilterChainProxy$VirtualFilterChain.doFilter(FilterChainProxy.java:374)
	at org.springframework.security.web.savedrequest.RequestCacheAwareFilter.doFilter(RequestCacheAwareFilter.java:63)
	at org.springframework.security.web.FilterChainProxy$VirtualFilterChain.doFilter(FilterChainProxy.java:374)
	at com.mychefai.healthytable.security.JwtAuthenticationFilter.doFilterInternal(JwtAuthenticationFilter.java:64)
	at org.springframework.web.filter.OncePerRequestFilter.doFilter(OncePerRequestFilter.java:116)
	at org.springframework.security.web.FilterChainProxy$VirtualFilterChain.doFilter(FilterChainProxy.java:374)
	at org.springframework.security.web.authentication.logout.LogoutFilter.doFilter(LogoutFilter.java:107)
	at org.springframework.security.web.authentication.logout.LogoutFilter.doFilter(LogoutFilter.java:93)
	at org.springframework.security.web.FilterChainProxy$VirtualFilterChain.doFilter(FilterChainProxy.java:374)
	at org.springframework.web.filter.CorsFilter.doFilterInternal(CorsFilter.java:91)
	at org.springframework.web.filter.OncePerRequestFilter.doFilter(OncePerRequestFilter.java:116)
	at org.springframework.security.web.FilterChainProxy$VirtualFilterChain.doFilter(FilterChainProxy.java:374)
	at org.springframework.security.web.header.HeaderWriterFilter.doHeadersAfter(HeaderWriterFilter.java:90)
	at org.springframework.security.web.header.HeaderWriterFilter.doFilterInternal(HeaderWriterFilter.java:75)
	at org.springframework.web.filter.OncePerRequestFilter.doFilter(OncePerRequestFilter.java:116)
	at org.springframework.security.web.FilterChainProxy$VirtualFilterChain.doFilter(FilterChainProxy.java:374)
	at org.springframework.security.web.context.SecurityContextHolderFilter.doFilter(SecurityContextHolderFilter.java:82)
	at org.springframework.security.web.context.SecurityContextHolderFilter.doFilter(SecurityContextHolderFilter.java:69)
	at org.springframework.security.web.FilterChainProxy$VirtualFilterChain.doFilter(FilterChainProxy.java:374)
	at org.springframework.security.web.context.request.async.WebAsyncManagerIntegrationFilter.doFilterInternal(WebAsyncManagerIntegrationFilter.java:62)
	at org.springframework.web.filter.OncePerRequestFilter.doFilter(OncePerRequestFilter.java:116)
	at org.springframework.security.web.FilterChainProxy$VirtualFilterChain.doFilter(FilterChainProxy.java:374)
	at org.springframework.security.web.session.DisableEncodeUrlFilter.doFilterInternal(DisableEncodeUrlFilter.java:42)
	at org.springframework.web.filter.OncePerRequestFilter.doFilter(OncePerRequestFilter.java:116)
	at org.springframework.security.web.FilterChainProxy$VirtualFilterChain.doFilter(FilterChainProxy.java:374)
	at org.springframework.security.web.FilterChainProxy.doFilterInternal(FilterChainProxy.java:233)
	at org.springframework.security.web.FilterChainProxy.doFilter(FilterChainProxy.java:191)
	at org.springframework.web.filter.CompositeFilter$VirtualFilterChain.doFilter(CompositeFilter.java:113)
	at org.springframework.web.servlet.handler.HandlerMappingIntrospector.lambda$createCacheFilter$3(HandlerMappingIntrospector.java:195)
	at org.springframework.web.filter.CompositeFilter$VirtualFilterChain.doFilter(CompositeFilter.java:113)
	at org.springframework.web.filter.CompositeFilter.doFilter(CompositeFilter.java:74)
	at org.springframework.security.config.annotation.web.configuration.WebMvcSecurityConfiguration$CompositeFilterChainProxy.doFilter(WebMvcSecurityConfiguration.java:225)
	at org.springframework.web.filter.DelegatingFilterProxy.invokeDelegate(DelegatingFilterProxy.java:352)
	at org.springframework.web.filter.DelegatingFilterProxy.doFilter(DelegatingFilterProxy.java:268)
	at org.apache.catalina.core.ApplicationFilterChain.internalDoFilter(ApplicationFilterChain.java:174)
	at org.apache.catalina.core.ApplicationFilterChain.doFilter(ApplicationFilterChain.java:149)
	at org.springframework.web.filter.RequestContextFilter.doFilterInternal(RequestContextFilter.java:100)
	at org.springframework.web.filter.OncePerRequestFilter.doFilter(OncePerRequestFilter.java:116)
	at org.apache.catalina.core.ApplicationFilterChain.internalDoFilter(ApplicationFilterChain.java:174)
	at org.apache.catalina.core.ApplicationFilterChain.doFilter(ApplicationFilterChain.java:149)
	at org.springframework.web.filter.FormContentFilter.doFilterInternal(FormContentFilter.java:93)
	at org.springframework.web.filter.OncePerRequestFilter.doFilter(OncePerRequestFilter.java:116)
	at org.apache.catalina.core.ApplicationFilterChain.internalDoFilter(ApplicationFilterChain.java:174)
	at org.apache.catalina.core.ApplicationFilterChain.doFilter(ApplicationFilterChain.java:149)
	at org.springframework.web.filter.CharacterEncodingFilter.doFilterInternal(CharacterEncodingFilter.java:201)
	at org.springframework.web.filter.OncePerRequestFilter.doFilter(OncePerRequestFilter.java:116)
	at org.apache.catalina.core.ApplicationFilterChain.internalDoFilter(ApplicationFilterChain.java:174)
	at org.apache.catalina.core.ApplicationFilterChain.doFilter(ApplicationFilterChain.java:149)
	at org.apache.catalina.core.StandardWrapperValve.invoke(StandardWrapperValve.java:167)
	at org.apache.catalina.core.StandardContextValve.invoke(StandardContextValve.java:90)
	at org.apache.catalina.authenticator.AuthenticatorBase.invoke(AuthenticatorBase.java:482)
	at org.apache.catalina.core.StandardHostValve.invoke(StandardHostValve.java:115)
	at org.apache.catalina.valves.ErrorReportValve.invoke(ErrorReportValve.java:93)
	at org.apache.catalina.core.StandardEngineValve.invoke(StandardEngineValve.java:74)
	at org.apache.catalina.connector.CoyoteAdapter.service(CoyoteAdapter.java:340)
	at org.apache.coyote.http11.Http11Processor.service(Http11Processor.java:391)
	at org.apache.coyote.AbstractProcessorLight.process(AbstractProcessorLight.java:63)
	at org.apache.coyote.AbstractProtocol$ConnectionHandler.process(AbstractProtocol.java:896)
	at org.apache.tomcat.util.net.NioEndpoint$SocketProcessor.doRun(NioEndpoint.java:1744)
	at org.apache.tomcat.util.net.SocketProcessorBase.run(SocketProcessorBase.java:52)
	at org.apache.tomcat.util.threads.ThreadPoolExecutor.runWorker(ThreadPoolExecutor.java:1191)
	at org.apache.tomcat.util.threads.ThreadPoolExecutor$Worker.run(ThreadPoolExecutor.java:659)
	at org.apache.tomcat.util.threads.TaskThread$WrappingRunnable.run(TaskThread.java:61)
	at java.base/java.lang.Thread.run(Thread.java:840)
Processing Request: POST /api/auth/google
Extracted JWT: Null
No Token Found in Request
Hibernate: 
    select
        u1_0.id,
        u1_0.created_at,
        u1_0.email,
        u1_0.name,
        u1_0.password 
    from
        users u1_0 
    where
        u1_0.email=?
Processing Request: GET /api/fridge
Extracted JWT: Present (eyJhbGciOi...)
Token Validity: true
User ID from Token: 5
Security Context Set Successfully
Hibernate: 
    select
        fi1_0.id,
        fi1_0.category,
        fi1_0.expiry_date,
        fi1_0.name,
        fi1_0.quantity,
        fi1_0.user_id 
    from
        fridge_items fi1_0 
    where
        fi1_0.user_id=? 
    order by
        fi1_0.expiry_date
Processing Request: GET /api/community/feed
Extracted JWT: Present (eyJhbGciOi...)
Token Validity: true
User ID from Token: 5
Security Context Set Successfully
Hibernate: 
    select
        rs1_0.id,
        rs1_0.created_at,
        rs1_0.recipe_id,
        rs1_0.share_message,
        rs1_0.user_id,
        rs1_0.visibility 
    from
        recipe_shares rs1_0 
    where
        rs1_0.visibility=? 
    order by
        rs1_0.created_at desc
Hibernate: 
    select
        r1_0.id,
        r1_0.average_rating,
        r1_0.calories,
        r1_0.cooking_time,
        r1_0.created_at,
        r1_0.description,
        r1_0.difficulty,
        r1_0.image_url,
        r1_0.ingredients,
        r1_0.steps,
        r1_0.title 
    from
        recipes r1_0 
    where
        r1_0.id in (?, ?, ?, ?)
Hibernate: 
    select
        u1_0.id,
        u1_0.created_at,
        u1_0.email,
        u1_0.name,
        u1_0.password 
    from
        users u1_0 
    where
        u1_0.id in (?, ?, ?, ?)
Processing Request: POST /api/auth/google
Extracted JWT: Null
No Token Found in Request
Hibernate: 
    select
        u1_0.id,
        u1_0.created_at,
        u1_0.email,
        u1_0.name,
        u1_0.password 
    from
        users u1_0 
    where
        u1_0.email=?
Processing Request: POST /api/auth/google
Extracted JWT: Null
No Token Found in Request
Hibernate: 
    select
        u1_0.id,
        u1_0.created_at,
        u1_0.email,
        u1_0.name,
        u1_0.password 
    from
        users u1_0 
    where
        u1_0.email=?
Processing Request: GET /api/fridge
Extracted JWT: Present (eyJhbGciOi...)
Token Validity: true
User ID from Token: 5
Security Context Set Successfully
Hibernate: 
    select
        fi1_0.id,
        fi1_0.category,
        fi1_0.expiry_date,
        fi1_0.name,
        fi1_0.quantity,
        fi1_0.user_id 
    from
        fridge_items fi1_0 
    where
        fi1_0.user_id=? 
    order by
        fi1_0.expiry_date
2026-02-03T03:05:20.557+09:00  WARN 46101 --- [healthytable] [l-1 housekeeper] com.zaxxer.hikari.pool.HikariPool        : HikariPool-1 - Thread starvation or clock leap detected (housekeeper delta=6m318ms).
2026-02-03T03:39:27.230+09:00  WARN 46101 --- [healthytable] [l-1 housekeeper] com.zaxxer.hikari.pool.HikariPool        : HikariPool-1 - Thread starvation or clock leap detected (housekeeper delta=34m6s674ms).
2026-02-03T05:00:37.820+09:00  WARN 46101 --- [healthytable] [l-1 housekeeper] com.zaxxer.hikari.pool.HikariPool        : HikariPool-1 - Thread starvation or clock leap detected (housekeeper delta=1h21m10s590ms).
2026-02-03T06:01:35.094+09:00  WARN 46101 --- [healthytable] [l-1 housekeeper] com.zaxxer.hikari.pool.HikariPool        : HikariPool-1 - Thread starvation or clock leap detected (housekeeper delta=1h27s265ms).
2026-02-03T06:49:02.622+09:00  WARN 46101 --- [healthytable] [l-1 housekeeper] com.zaxxer.hikari.pool.HikariPool        : HikariPool-1 - Thread starvation or clock leap detected (housekeeper delta=46m57s517ms).
2026-02-03T07:03:02.381+09:00  WARN 46101 --- [healthytable] [l-1 housekeeper] com.zaxxer.hikari.pool.HikariPool        : HikariPool-1 - Thread starvation or clock leap detected (housekeeper delta=13m59s760ms).
2026-02-03T07:50:55.870+09:00  WARN 46101 --- [healthytable] [l-1 housekeeper] com.zaxxer.hikari.pool.HikariPool        : HikariPool-1 - Thread starvation or clock leap detected (housekeeper delta=47m53s489ms).
2026-02-03T08:03:57.982+09:00  WARN 46101 --- [healthytable] [l-1 housekeeper] com.zaxxer.hikari.pool.HikariPool        : HikariPool-1 - Thread starvation or clock leap detected (housekeeper delta=11m57s783ms).
2026-02-03T08:20:19.037+09:00  WARN 46101 --- [healthytable] [l-1 housekeeper] com.zaxxer.hikari.pool.HikariPool        : HikariPool-1 - Thread starvation or clock leap detected (housekeeper delta=15m46s656ms).
2026-02-03T08:51:48.753+09:00  WARN 46101 --- [healthytable] [l-1 housekeeper] com.zaxxer.hikari.pool.HikariPool        : HikariPool-1 - Thread starvation or clock leap detected (housekeeper delta=31m29s716ms).
2026-02-03T08:52:41.499+09:00  WARN 46101 --- [healthytable] [l-1 housekeeper] com.zaxxer.hikari.pool.HikariPool        : HikariPool-1 - Thread starvation or clock leap detected (housekeeper delta=52s746ms).
2026-02-03T09:04:42.572+09:00  WARN 46101 --- [healthytable] [l-1 housekeeper] com.zaxxer.hikari.pool.HikariPool        : HikariPool-1 - Thread starvation or clock leap detected (housekeeper delta=12m1s73ms).
2026-02-03T09:33:36.217+09:00  WARN 46101 --- [healthytable] [l-1 housekeeper] com.zaxxer.hikari.pool.HikariPool        : HikariPool-1 - Thread starvation or clock leap detected (housekeeper delta=28m53s645ms).
2026-02-03T09:51:45.811+09:00  WARN 46101 --- [healthytable] [l-1 housekeeper] com.zaxxer.hikari.pool.HikariPool        : HikariPool-1 - Thread starvation or clock leap detected (housekeeper delta=18m9s594ms).
2026-02-03T09:56:56.372+09:00  WARN 46101 --- [healthytable] [l-1 housekeeper] com.zaxxer.hikari.pool.HikariPool        : HikariPool-1 - Thread starvation or clock leap detected (housekeeper delta=5m10s561ms).
