[INFO] Scanning for projects...
[INFO] 
[INFO] -------------------< com.mychefai:mychefai-backend >--------------------
[INFO] Building MyChefAI 0.0.1-SNAPSHOT
[INFO]   from pom.xml
[INFO] --------------------------------[ jar ]---------------------------------
[INFO] 
[INFO] >>> spring-boot:3.2.1:run (default-cli) > test-compile @ mychefai-backend >>>
[INFO] 
[INFO] --- resources:3.3.1:resources (default-resources) @ mychefai-backend ---
[INFO] Copying 2 resources from src/main/resources to target/classes
[INFO] Copying 0 resource from src/main/resources to target/classes
[INFO] 
[INFO] --- compiler:3.11.0:compile (default-compile) @ mychefai-backend ---
[INFO] Nothing to compile - all classes are up to date
[INFO] 
[INFO] --- resources:3.3.1:testResources (default-testResources) @ mychefai-backend ---
[INFO] skip non existing resourceDirectory /Users/iseungmin/Downloads/project/mychefai/backend/src/test/resources
[INFO] 
[INFO] --- compiler:3.11.0:testCompile (default-testCompile) @ mychefai-backend ---
[INFO] No sources to compile
[INFO] 
[INFO] <<< spring-boot:3.2.1:run (default-cli) < test-compile @ mychefai-backend <<<
[INFO] 
[INFO] 
[INFO] --- spring-boot:3.2.1:run (default-cli) @ mychefai-backend ---
[INFO] Attaching agents: []

  .   ____          _            __ _ _
 /\\ / ___'_ __ _ _(_)_ __  __ _ \ \ \ \
( ( )\___ | '_ | '_| | '_ \/ _` | \ \ \ \
 \\/  ___)| |_)| | | | | || (_| |  ) ) ) )
  '  |____| .__|_| |_|_| |_\__, | / / / /
 =========|_|==============|___/=/_/_/_/
 :: Spring Boot ::                (v3.2.1)

2026-02-03T11:19:31.469+09:00  INFO 58657 --- [healthytable] [           main] c.m.h.HealthyTableApplication            : Starting HealthyTableApplication using Java 17.0.14 with PID 58657 (/Users/iseungmin/Downloads/project/mychefai/backend/target/classes started by iseungmin in /Users/iseungmin/Downloads/project/mychefai/backend)
2026-02-03T11:19:31.470+09:00  INFO 58657 --- [healthytable] [           main] c.m.h.HealthyTableApplication            : No active profile set, falling back to 1 default profile: "default"
2026-02-03T11:19:31.724+09:00  INFO 58657 --- [healthytable] [           main] .s.d.r.c.RepositoryConfigurationDelegate : Bootstrapping Spring Data JPA repositories in DEFAULT mode.
2026-02-03T11:19:31.782+09:00  INFO 58657 --- [healthytable] [           main] .s.d.r.c.RepositoryConfigurationDelegate : Finished Spring Data repository scanning in 55 ms. Found 8 JPA repository interfaces.
2026-02-03T11:19:32.027+09:00  INFO 58657 --- [healthytable] [           main] o.s.b.w.embedded.tomcat.TomcatWebServer  : Tomcat initialized with port 8080 (http)
2026-02-03T11:19:32.031+09:00  INFO 58657 --- [healthytable] [           main] o.apache.catalina.core.StandardService   : Starting service [Tomcat]
2026-02-03T11:19:32.031+09:00  INFO 58657 --- [healthytable] [           main] o.apache.catalina.core.StandardEngine    : Starting Servlet engine: [Apache Tomcat/10.1.17]
2026-02-03T11:19:32.054+09:00  INFO 58657 --- [healthytable] [           main] o.a.c.c.C.[Tomcat].[localhost].[/]       : Initializing Spring embedded WebApplicationContext
2026-02-03T11:19:32.054+09:00  INFO 58657 --- [healthytable] [           main] w.s.c.ServletWebServerApplicationContext : Root WebApplicationContext: initialization completed in 561 ms
2026-02-03T11:19:32.126+09:00  INFO 58657 --- [healthytable] [           main] o.hibernate.jpa.internal.util.LogHelper  : HHH000204: Processing PersistenceUnitInfo [name: default]
2026-02-03T11:19:32.146+09:00  INFO 58657 --- [healthytable] [           main] org.hibernate.Version                    : HHH000412: Hibernate ORM core version 6.4.1.Final
2026-02-03T11:19:32.158+09:00  INFO 58657 --- [healthytable] [           main] o.h.c.internal.RegionFactoryInitiator    : HHH000026: Second-level cache disabled
2026-02-03T11:19:32.235+09:00  INFO 58657 --- [healthytable] [           main] o.s.o.j.p.SpringPersistenceUnitInfo      : No LoadTimeWeaver setup: ignoring JPA class transformer
2026-02-03T11:19:32.245+09:00  INFO 58657 --- [healthytable] [           main] com.zaxxer.hikari.HikariDataSource       : HikariPool-1 - Starting...
2026-02-03T11:19:32.309+09:00  INFO 58657 --- [healthytable] [           main] com.zaxxer.hikari.pool.HikariPool        : HikariPool-1 - Added connection com.mysql.cj.jdbc.ConnectionImpl@1d226f27
2026-02-03T11:19:32.309+09:00  INFO 58657 --- [healthytable] [           main] com.zaxxer.hikari.HikariDataSource       : HikariPool-1 - Start completed.
2026-02-03T11:19:32.329+09:00  WARN 58657 --- [healthytable] [           main] org.hibernate.orm.deprecation            : HHH90000025: MySQL8Dialect does not need to be specified explicitly using 'hibernate.dialect' (remove the property setting and it will be selected by default)
2026-02-03T11:19:32.329+09:00  WARN 58657 --- [healthytable] [           main] org.hibernate.orm.deprecation            : HHH90000026: MySQL8Dialect has been deprecated; use org.hibernate.dialect.MySQLDialect instead
2026-02-03T11:19:32.675+09:00  INFO 58657 --- [healthytable] [           main] o.h.e.t.j.p.i.JtaPlatformInitiator       : HHH000489: No JTA platform available (set 'hibernate.transaction.jta.platform' to enable JTA platform integration)
2026-02-03T11:19:32.676+09:00  INFO 58657 --- [healthytable] [           main] j.LocalContainerEntityManagerFactoryBean : Initialized JPA EntityManagerFactory for persistence unit 'default'
2026-02-03T11:19:32.983+09:00  WARN 58657 --- [healthytable] [           main] JpaBaseConfiguration$JpaWebConfiguration : spring.jpa.open-in-view is enabled by default. Therefore, database queries may be performed during view rendering. Explicitly configure spring.jpa.open-in-view to disable this warning
2026-02-03T11:19:32.991+09:00  WARN 58657 --- [healthytable] [           main] .s.s.UserDetailsServiceAutoConfiguration : 

Using generated security password: 169300f2-2076-487f-b39a-030c8e621073

This generated password is for development use only. Your security configuration must be updated before running your application in production.

2026-02-03T11:19:33.092+09:00  INFO 58657 --- [healthytable] [           main] o.s.s.web.DefaultSecurityFilterChain     : Will secure any request with [org.springframework.security.web.session.DisableEncodeUrlFilter@648bfebe, org.springframework.security.web.context.request.async.WebAsyncManagerIntegrationFilter@383a5260, org.springframework.security.web.context.SecurityContextHolderFilter@62075e3d, org.springframework.security.web.header.HeaderWriterFilter@771ede0d, org.springframework.web.filter.CorsFilter@4986b0ea, org.springframework.security.web.authentication.logout.LogoutFilter@1b62ad1e, org.springframework.security.web.savedrequest.RequestCacheAwareFilter@45775a15, org.springframework.security.web.servletapi.SecurityContextHolderAwareRequestFilter@2396dc4e, org.springframework.security.web.authentication.AnonymousAuthenticationFilter@ce5a2ea, org.springframework.security.web.access.ExceptionTranslationFilter@16718e1b, org.springframework.security.web.access.intercept.AuthorizationFilter@76055d02]
2026-02-03T11:19:33.169+09:00  INFO 58657 --- [healthytable] [           main] o.s.b.w.embedded.tomcat.TomcatWebServer  : Tomcat started on port 8080 (http) with context path ''
2026-02-03T11:19:33.174+09:00  INFO 58657 --- [healthytable] [           main] c.m.h.HealthyTableApplication            : Started HealthyTableApplication in 1.887 seconds (process running for 2.002)
실행 성공!!!
2026-02-03T11:20:10.563+09:00  INFO 58657 --- [healthytable] [nio-8080-exec-1] o.a.c.c.C.[Tomcat].[localhost].[/]       : Initializing Spring DispatcherServlet 'dispatcherServlet'
2026-02-03T11:20:10.563+09:00  INFO 58657 --- [healthytable] [nio-8080-exec-1] o.s.web.servlet.DispatcherServlet        : Initializing Servlet 'dispatcherServlet'
2026-02-03T11:20:10.564+09:00  INFO 58657 --- [healthytable] [nio-8080-exec-1] o.s.web.servlet.DispatcherServlet        : Completed initialization in 1 ms
